<?xml version="1.0" encoding="UTF-8"?>
<!-- Generated by org.testng.reporters.JUnitReportReporter -->
<testsuite hostname="BLR1-LHP-N64265" name="com.crm.qa.testcases.LoginPageTest" tests="2" failures="0" timestamp="4 Oct 2019 12:18:21 GMT" time="28.293" errors="0">
  <testcase name="loginTest" time="15.512" classname="com.crm.qa.testcases.LoginPageTest"/>
  <testcase name="loginPageTitleTest" time="12.781" classname="com.crm.qa.testcases.LoginPageTest"/>
</testsuite> <!-- com.crm.qa.testcases.LoginPageTest -->
